[debug] [2022-10-23T14:48:05.044Z] ----------------------------------------------------------------------
[debug] [2022-10-23T14:48:05.046Z] Command:       C:\Program Files\nodejs\node.exe C:\Users\chltj\AppData\Roaming\npm\node_modules\firebase-tools\lib\bin\firebase.js serve
[debug] [2022-10-23T14:48:05.046Z] CLI Version:   9.23.1
[debug] [2022-10-23T14:48:05.047Z] Platform:      win32
[debug] [2022-10-23T14:48:05.047Z] Node Version:  v16.17.1
[debug] [2022-10-23T14:48:05.048Z] Time:          Sun Oct 23 2022 23:48:05 GMT+0900 (대한민국 표준시)
[debug] [2022-10-23T14:48:05.048Z] ----------------------------------------------------------------------
[debug] 
[debug] [2022-10-23T14:48:05.106Z] > command requires scopes: ["email","openid","https://www.googleapis.com/auth/cloudplatformprojects.readonly","https://www.googleapis.com/auth/firebase","https://www.googleapis.com/auth/cloud-platform"]
[debug] [2022-10-23T14:48:05.106Z] > authorizing via signed-in user (snmsnm320@gmail.com)
[debug] [2022-10-23T14:48:05.106Z] [iam] checking project gcvd-62bf1 for permissions ["firebase.projects.get"]
[debug] [2022-10-23T14:48:05.109Z] > refreshing access token with scopes: ["email","https://www.googleapis.com/auth/cloud-platform","https://www.googleapis.com/auth/cloudplatformprojects.readonly","https://www.googleapis.com/auth/firebase","openid"]
[debug] [2022-10-23T14:48:05.109Z] >>> HTTP REQUEST POST https://www.googleapis.com/oauth2/v3/token  
 <request body omitted>
[debug] [2022-10-23T14:48:05.484Z] <<< HTTP RESPONSE 200 {"cache-control":"no-cache, no-store, max-age=0, must-revalidate","pragma":"no-cache","expires":"Mon, 01 Jan 1990 00:00:00 GMT","date":"Sun, 23 Oct 2022 14:48:05 GMT","content-type":"application/json; charset=utf-8","vary":"X-Origin, Referer, Origin,Accept-Encoding","server":"scaffolding on HTTPServer2","x-xss-protection":"0","x-frame-options":"SAMEORIGIN","x-content-type-options":"nosniff","alt-svc":"h3=\":443\"; ma=2592000,h3-29=\":443\"; ma=2592000,h3-Q050=\":443\"; ma=2592000,h3-Q046=\":443\"; ma=2592000,h3-Q043=\":443\"; ma=2592000,quic=\":443\"; ma=2592000; v=\"46,43\"","accept-ranges":"none","transfer-encoding":"chunked"}
[debug] [2022-10-23T14:48:05.500Z] >>> HTTP REQUEST POST https://cloudresourcemanager.googleapis.com/v1/projects/gcvd-62bf1:testIamPermissions  
 {"permissions":["firebase.projects.get"]}
[debug] [2022-10-23T14:48:06.369Z] <<< HTTP RESPONSE 200 {"content-type":"application/json; charset=UTF-8","vary":"X-Origin, Referer, Origin,Accept-Encoding","date":"Sun, 23 Oct 2022 14:48:06 GMT","server":"ESF","cache-control":"private","x-xss-protection":"0","x-frame-options":"SAMEORIGIN","x-content-type-options":"nosniff","server-timing":"gfet4t7; dur=640","alt-svc":"h3=\":443\"; ma=2592000,h3-29=\":443\"; ma=2592000,h3-Q050=\":443\"; ma=2592000,h3-Q046=\":443\"; ma=2592000,h3-Q043=\":443\"; ma=2592000,quic=\":443\"; ma=2592000; v=\"46,43\"","accept-ranges":"none","transfer-encoding":"chunked"}
[debug] [2022-10-23T14:48:06.370Z] > refreshing access token with scopes: []
[debug] [2022-10-23T14:48:06.370Z] >>> HTTP REQUEST POST https://www.googleapis.com/oauth2/v3/token  
 <request body omitted>
[debug] [2022-10-23T14:48:06.583Z] <<< HTTP RESPONSE 200 {"expires":"Mon, 01 Jan 1990 00:00:00 GMT","cache-control":"no-cache, no-store, max-age=0, must-revalidate","pragma":"no-cache","date":"Sun, 23 Oct 2022 14:48:06 GMT","content-type":"application/json; charset=utf-8","vary":"X-Origin, Referer, Origin,Accept-Encoding","server":"scaffolding on HTTPServer2","x-xss-protection":"0","x-frame-options":"SAMEORIGIN","x-content-type-options":"nosniff","alt-svc":"h3=\":443\"; ma=2592000,h3-29=\":443\"; ma=2592000,h3-Q050=\":443\"; ma=2592000,h3-Q046=\":443\"; ma=2592000,h3-Q043=\":443\"; ma=2592000,quic=\":443\"; ma=2592000; v=\"46,43\"","accept-ranges":"none","transfer-encoding":"chunked"}
[debug] [2022-10-23T14:48:06.590Z] >>> [apiv2][query] GET https://firebase.googleapis.com/v1beta1/projects/gcvd-62bf1 [none]
[debug] [2022-10-23T14:48:07.053Z] <<< [apiv2][status] GET https://firebase.googleapis.com/v1beta1/projects/gcvd-62bf1 200
[debug] [2022-10-23T14:48:07.053Z] <<< [apiv2][body] GET https://firebase.googleapis.com/v1beta1/projects/gcvd-62bf1 {"projectId":"gcvd-62bf1","projectNumber":"520644330731","displayName":"2022GCVD","name":"projects/gcvd-62bf1","resources":{"hostingSite":"gcvd-62bf1","storageBucket":"gcvd-62bf1.appspot.com","locationId":"asia-northeast3"},"state":"ACTIVE","etag":"1_030130a0-3e74-47ec-a2e0-f92ae7e5b923"}
[info] 
[info] === Serving from 'C:\gitProjects\2022GCVD_WebPage'...
[info] 
[debug] [2022-10-23T14:48:07.056Z] >>> [apiv2][query] GET https://firebasehosting.googleapis.com/v1beta1/projects/gcvd-62bf1/sites 
[debug] [2022-10-23T14:48:07.897Z] <<< [apiv2][status] GET https://firebasehosting.googleapis.com/v1beta1/projects/gcvd-62bf1/sites 200
[debug] [2022-10-23T14:48:07.897Z] <<< [apiv2][body] GET https://firebasehosting.googleapis.com/v1beta1/projects/gcvd-62bf1/sites {"sites":[{"name":"projects/gcvd-62bf1/sites/gcvd-62bf1","defaultUrl":"https://gcvd-62bf1.web.app","type":"DEFAULT_SITE"}]}
[debug] [2022-10-23T14:48:07.897Z] >>> [apiv2][query] GET https://firebase.googleapis.com/v1beta1/projects/gcvd-62bf1/webApps/-/config [none]
[debug] [2022-10-23T14:48:09.287Z] <<< [apiv2][status] GET https://firebase.googleapis.com/v1beta1/projects/gcvd-62bf1/webApps/-/config 200
[debug] [2022-10-23T14:48:09.287Z] <<< [apiv2][body] GET https://firebase.googleapis.com/v1beta1/projects/gcvd-62bf1/webApps/-/config {"projectId":"gcvd-62bf1","appId":"1:520644330731:web:203b7fc8a68728f4f32aae","storageBucket":"gcvd-62bf1.appspot.com","locationId":"asia-northeast3","apiKey":"AIzaSyCWbw_Dj0A3nm73xVZEeFQ5XlRSbE4SDnM","authDomain":"gcvd-62bf1.firebaseapp.com","messagingSenderId":"520644330731","measurementId":"G-NBJ35L36PD"}
[info] i  hosting: Serving hosting files from: public {"metadata":{"emulator":{"name":"hosting"},"message":"Serving hosting files from: \u001b[1mpublic\u001b[22m"}}
[info] +  hosting: Local server: http://localhost:5000 {"metadata":{"emulator":{"name":"hosting"},"message":"Local server: \u001b[4m\u001b[1mhttp://localhost:5000\u001b[22m\u001b[24m"}}
